<?xml version="1.0" encoding="UTF-8"?>
<!-- Generated by org.testng.reporters.JUnitXMLReporter -->
<testsuite ignored="0" hostname="DESKTOP-OE843S0" failures="6" tests="7" name="Test" time="52.8" errors="0" timestamp="2025-05-14T23:39:59 IST">
  <testcase classname="testcases.Tc001_LoginTest" name="Validate_login" time="0.964">
    <failure type="java.lang.AssertionError" message="expected [Adactin.com - Search Hotel] but found [Adactin.com - Hotel Reservation System]">
      <![CDATA[java.lang.AssertionError: expected [Adactin.com - Search Hotel] but found [Adactin.com - Hotel Reservation System]
at testcases.Tc001_LoginTest.Validate_login(Tc001_LoginTest.java:36)
at java.base/java.util.ArrayList.forEach(ArrayList.java:1596)
... Removed 31 stack frames]]>
    </failure>
  </testcase> <!-- Validate_login -->
  <testcase classname="testcases.Tc001_LoginTest" name="Validate_login" time="2.36"/>
  <testcase classname="testcases.Tc001_LoginTest" name="Validate_login" time="1.818">
    <failure type="java.lang.AssertionError" message="expected [Adactin.com - Search Hotel] but found [Adactin.com - Hotel Reservation System]">
      <![CDATA[java.lang.AssertionError: expected [Adactin.com - Search Hotel] but found [Adactin.com - Hotel Reservation System]
at testcases.Tc001_LoginTest.Validate_login(Tc001_LoginTest.java:36)
at java.base/java.util.ArrayList.forEach(ArrayList.java:1596)
... Removed 31 stack frames]]>
    </failure>
  </testcase> <!-- Validate_login -->
  <testcase classname="testcases.Tc001_LoginTest" name="Validate_login" time="1.465">
    <failure type="java.lang.AssertionError" message="expected [Adactin.com - Search Hotel] but found [Adactin.com - Hotel Reservation System]">
      <![CDATA[java.lang.AssertionError: expected [Adactin.com - Search Hotel] but found [Adactin.com - Hotel Reservation System]
at testcases.Tc001_LoginTest.Validate_login(Tc001_LoginTest.java:36)
at java.base/java.util.ArrayList.forEach(ArrayList.java:1596)
... Removed 31 stack frames]]>
    </failure>
  </testcase> <!-- Validate_login -->
  <testcase classname="testcases.Tc001_LoginTest" name="Validate_login" time="1.382">
    <failure type="java.lang.AssertionError" message="expected [Adactin.com - Search Hotel] but found [Adactin.com - Hotel Reservation System]">
      <![CDATA[java.lang.AssertionError: expected [Adactin.com - Search Hotel] but found [Adactin.com - Hotel Reservation System]
at testcases.Tc001_LoginTest.Validate_login(Tc001_LoginTest.java:36)
at java.base/java.util.ArrayList.forEach(ArrayList.java:1596)
... Removed 31 stack frames]]>
    </failure>
  </testcase> <!-- Validate_login -->
  <testcase classname="testcases.Tc001_LoginTest" name="Validate_login" time="0.851">
    <failure type="java.lang.AssertionError" message="expected [Adactin.com - Search Hotel] but found [Adactin.com - Hotel Reservation System]">
      <![CDATA[java.lang.AssertionError: expected [Adactin.com - Search Hotel] but found [Adactin.com - Hotel Reservation System]
at testcases.Tc001_LoginTest.Validate_login(Tc001_LoginTest.java:36)
at java.base/java.util.ArrayList.forEach(ArrayList.java:1596)
... Removed 31 stack frames]]>
    </failure>
  </testcase> <!-- Validate_login -->
  <testcase classname="testcases.Tc001_LoginTest" name="Validate_login" time="0.894">
    <failure type="java.lang.AssertionError" message="expected [Adactin.com - Search Hotel] but found [Adactin.com - Hotel Reservation System]">
      <![CDATA[java.lang.AssertionError: expected [Adactin.com - Search Hotel] but found [Adactin.com - Hotel Reservation System]
at testcases.Tc001_LoginTest.Validate_login(Tc001_LoginTest.java:36)
at java.base/java.util.ArrayList.forEach(ArrayList.java:1596)
... Removed 31 stack frames]]>
    </failure>
  </testcase> <!-- Validate_login -->
</testsuite> <!-- Test -->
